<?xml version="1.0" encoding="UTF-8"?>
<!-- Generated by org.testng.reporters.JUnitReportReporter -->
<testsuite skipped="0" hostname="DESKTOP-LK7NIRS" name="org.verify.Verifyfacebook" tests="1" failures="0" timestamp="13 Feb 2020 06:58:00 GMT" time="171.484" errors="0">
  <testcase name="verifylogin" time="171.484" classname="org.verify.Verifyfacebook"/>
</testsuite> <!-- org.verify.Verifyfacebook -->
