<?xml version="1.0" encoding="UTF-8"?>
<!-- Generated by org.testng.reporters.JUnitReportReporter -->
<testsuite skipped="0" hostname="DESKTOP-LK7NIRS" name="org.sample.testng.Sampletestng" tests="4" failures="0" timestamp="21 Mar 2020 11:44:28 GMT" time="0.032" errors="0">
  <testcase name="HRRegistration" time="0.000" classname="org.sample.testng.Sampletestng"/>
  <testcase name="UserRegistration" time="0.000" classname="org.sample.testng.Sampletestng"/>
  <testcase name="SampleRegistration" time="0.000" classname="org.sample.testng.Sampletestng"/>
  <testcase name="CompanyRegistration" time="0.032" classname="org.sample.testng.Sampletestng"/>
</testsuite> <!-- org.sample.testng.Sampletestng -->
